Testing started at 12:42 ...
Launching pytest with arguments C:/projects/avito_testing_2_sem/bonus_calc_test.py --no-header --no-summary -q in C:\projects\avito_testing_2_sem

============================= test session starts =============================
collecting ... collected 316 items

bonus_calc_test.py::test_calc_bonus_modifier_positive[1-1] PASSED        [  0%]
bonus_calc_test.py::test_calc_bonus_modifier_positive[2-1.25] PASSED     [  0%]
bonus_calc_test.py::test_calc_bonus_modifier_positive[2.5-1.5] PASSED    [  0%]
bonus_calc_test.py::test_calc_bonus_modifier_positive[3-2] PASSED        [  1%]
bonus_calc_test.py::test_calc_bonus_modifier_positive[3.5-2.5] PASSED    [  1%]
bonus_calc_test.py::test_calc_bonus_modifier_positive[4-3] PASSED        [  1%]
bonus_calc_test.py::test_calc_bonus_modifier_positive[5-3] PASSED        [  2%]
bonus_calc_test.py::test_calc_bonus_modifier_negative[0-ValueError] PASSED [  2%]
bonus_calc_test.py::test_calc_bonus_modifier_negative[None-TypeError] PASSED [  2%]
bonus_calc_test.py::test_calc_bonus_modifier_negative[some string-TypeError] PASSED [  3%]
bonus_calc_test.py::test_calc_bonus_modifier_negative[5.1-ValueError] PASSED [  3%]
bonus_calc_test.py::test_calc_relative_bonus_size_modifier_positive[7-0.05] PASSED [  3%]
bonus_calc_test.py::test_calc_relative_bonus_size_modifier_positive[9-0.05] PASSED [  4%]
bonus_calc_test.py::test_calc_relative_bonus_size_modifier_positive[10-0.1] PASSED [  4%]
bonus_calc_test.py::test_calc_relative_bonus_size_modifier_positive[13-0.15] PASSED [  4%]
bonus_calc_test.py::test_calc_relative_bonus_size_modifier_positive[15-0.2] PASSED [  5%]
bonus_calc_test.py::test_calc_relative_bonus_size_modifier_positive[17-0.2] PASSED [  5%]
bonus_calc_test.py::test_calc_relative_bonus_size_modifier_negative[0-ValueError] PASSED [  5%]
bonus_calc_test.py::test_calc_relative_bonus_size_modifier_negative[6.5-ValueError] PASSED [  6%]
bonus_calc_test.py::test_calc_relative_bonus_size_modifier_negative[None-TypeError] PASSED [  6%]
bonus_calc_test.py::test_calc_relative_bonus_size_modifier_negative[some string-TypeError] PASSED [  6%]
bonus_calc_test.py::test_calc_relative_bonus_size_modifier_negative[17.1-ValueError] PASSED [  6%]
bonus_calc_test.py::test_calc_relative_bonus_size_modifier_negative[18-ValueError] PASSED [  7%]
bonus_calc_test.py::test_bonus_calculation_positive[70000-1-7-10500.0] PASSED [  7%]
bonus_calc_test.py::test_bonus_calculation_positive[70000-2-7-13125.0] PASSED [  7%]
bonus_calc_test.py::test_bonus_calculation_positive[70000-2-17-52500.0] PASSED [  8%]
bonus_calc_test.py::test_bonus_calculation_positive[750000-5-17-1350000.0] PASSED [  8%]
bonus_calc_test.py::test_bonus_calculation_negative[65000-1-7-ValueError] PASSED [  8%]
bonus_calc_test.py::test_bonus_calculation_negative[750001-2-7-ValueError] PASSED [  9%]
bonus_calc_test.py::test_bonus_calculation_negative[70_000-2-17-TypeError] PASSED [  9%]
bonus_calc_test.py::test_bonus_calculation_negative[None-5-17-TypeError] PASSED [  9%]
bonus_calc_test.py::test_bonus_calculation_random[20000-1.0-6] PASSED    [ 10%]
bonus_calc_test.py::test_bonus_calculation_random[70000-1.5-6] PASSED    [ 10%]
bonus_calc_test.py::test_bonus_calculation_random[120000-2.0-6] PASSED   [ 10%]
bonus_calc_test.py::test_bonus_calculation_random[170000-2.5-6] PASSED   [ 11%]
bonus_calc_test.py::test_bonus_calculation_random[220000-3.0-6] PASSED   [ 11%]
bonus_calc_test.py::test_bonus_calculation_random[270000-3.5-6] PASSED   [ 11%]
bonus_calc_test.py::test_bonus_calculation_random[320000-4.0-6] PASSED   [ 12%]
bonus_calc_test.py::test_bonus_calculation_random[370000-4.5-6] PASSED   [ 12%]
bonus_calc_test.py::test_bonus_calculation_random[420000-string-6] PASSED [ 12%]
bonus_calc_test.py::test_bonus_calculation_random[470000-None-6] PASSED  [ 12%]
bonus_calc_test.py::test_bonus_calculation_random[520000-None-7] PASSED  [ 13%]
bonus_calc_test.py::test_bonus_calculation_random[570000-string-7] PASSED [ 13%]
bonus_calc_test.py::test_bonus_calculation_random[620000-4.5-7] PASSED   [ 13%]
bonus_calc_test.py::test_bonus_calculation_random[670000-4.0-7] PASSED   [ 14%]
bonus_calc_test.py::test_bonus_calculation_random[720000-3.5-7] PASSED   [ 14%]
bonus_calc_test.py::test_bonus_calculation_random[770000-3.0-7] PASSED   [ 14%]
bonus_calc_test.py::test_bonus_calculation_random[820000-2.5-7] PASSED   [ 15%]
bonus_calc_test.py::test_bonus_calculation_random[string-2.0-7] PASSED   [ 15%]
bonus_calc_test.py::test_bonus_calculation_random[None-1.5-7] PASSED     [ 15%]
bonus_calc_test.py::test_bonus_calculation_random[None-1.0-8] PASSED     [ 16%]
bonus_calc_test.py::test_bonus_calculation_random[string-1.0-9] PASSED   [ 16%]
bonus_calc_test.py::test_bonus_calculation_random[820000-3.0-9] PASSED   [ 16%]
bonus_calc_test.py::test_bonus_calculation_random[770000-3.5-9] PASSED   [ 17%]
bonus_calc_test.py::test_bonus_calculation_random[720000-4.0-9] PASSED   [ 17%]
bonus_calc_test.py::test_bonus_calculation_random[670000-4.5-9] PASSED   [ 17%]
bonus_calc_test.py::test_bonus_calculation_random[620000-string-9] PASSED [ 18%]
bonus_calc_test.py::test_bonus_calculation_random[570000-None-9] PASSED  [ 18%]
bonus_calc_test.py::test_bonus_calculation_random[520000-1.5-9] PASSED   [ 18%]
bonus_calc_test.py::test_bonus_calculation_random[470000-2.0-9] PASSED   [ 18%]
bonus_calc_test.py::test_bonus_calculation_random[420000-2.5-9] PASSED   [ 19%]
bonus_calc_test.py::test_bonus_calculation_random[370000-2.5-8] PASSED   [ 19%]
bonus_calc_test.py::test_bonus_calculation_random[320000-2.0-8] PASSED   [ 19%]
bonus_calc_test.py::test_bonus_calculation_random[270000-1.5-8] PASSED   [ 20%]
bonus_calc_test.py::test_bonus_calculation_random[220000-1.0-7] PASSED   [ 20%]
bonus_calc_test.py::test_bonus_calculation_random[170000-None-8] PASSED  [ 20%]
bonus_calc_test.py::test_bonus_calculation_random[120000-string-8] PASSED [ 21%]
bonus_calc_test.py::test_bonus_calculation_random[70000-4.5-8] PASSED    [ 21%]
bonus_calc_test.py::test_bonus_calculation_random[20000-4.0-8] PASSED    [ 21%]
bonus_calc_test.py::test_bonus_calculation_random[20000-3.5-10] PASSED   [ 22%]
bonus_calc_test.py::test_bonus_calculation_random[70000-3.0-10] PASSED   [ 22%]
bonus_calc_test.py::test_bonus_calculation_random[120000-3.0-11] PASSED  [ 22%]
bonus_calc_test.py::test_bonus_calculation_random[170000-3.5-11] PASSED  [ 23%]
bonus_calc_test.py::test_bonus_calculation_random[220000-4.0-11] PASSED  [ 23%]
bonus_calc_test.py::test_bonus_calculation_random[270000-4.5-11] PASSED  [ 23%]
bonus_calc_test.py::test_bonus_calculation_random[320000-string-11] PASSED [ 24%]
bonus_calc_test.py::test_bonus_calculation_random[370000-None-11] PASSED [ 24%]
bonus_calc_test.py::test_bonus_calculation_random[420000-1.0-11] PASSED  [ 24%]
bonus_calc_test.py::test_bonus_calculation_random[470000-1.5-11] PASSED  [ 25%]
bonus_calc_test.py::test_bonus_calculation_random[520000-2.5-11] PASSED  [ 25%]
bonus_calc_test.py::test_bonus_calculation_random[570000-2.0-11] PASSED  [ 25%]
bonus_calc_test.py::test_bonus_calculation_random[620000-2.0-10] PASSED  [ 25%]
bonus_calc_test.py::test_bonus_calculation_random[670000-2.5-10] PASSED  [ 26%]
bonus_calc_test.py::test_bonus_calculation_random[720000-1.0-10] PASSED  [ 26%]
bonus_calc_test.py::test_bonus_calculation_random[770000-1.5-10] PASSED  [ 26%]
bonus_calc_test.py::test_bonus_calculation_random[820000-None-10] PASSED [ 27%]
bonus_calc_test.py::test_bonus_calculation_random[string-string-10] PASSED [ 27%]
bonus_calc_test.py::test_bonus_calculation_random[None-4.5-10] PASSED    [ 27%]
bonus_calc_test.py::test_bonus_calculation_random[None-4.0-12] PASSED    [ 28%]
bonus_calc_test.py::test_bonus_calculation_random[string-3.5-8] PASSED   [ 28%]
bonus_calc_test.py::test_bonus_calculation_random[820000-3.5-12] PASSED  [ 28%]
bonus_calc_test.py::test_bonus_calculation_random[770000-4.0-13] PASSED  [ 29%]
bonus_calc_test.py::test_bonus_calculation_random[720000-3.0-8] PASSED   [ 29%]
bonus_calc_test.py::test_bonus_calculation_random[670000-3.0-12] PASSED  [ 29%]
bonus_calc_test.py::test_bonus_calculation_random[620000-None-12] PASSED [ 30%]
bonus_calc_test.py::test_bonus_calculation_random[570000-1.5-12] PASSED  [ 30%]
bonus_calc_test.py::test_bonus_calculation_random[520000-1.0-12] PASSED  [ 30%]
bonus_calc_test.py::test_bonus_calculation_random[470000-4.5-12] PASSED  [ 31%]
bonus_calc_test.py::test_bonus_calculation_random[420000-2.0-12] PASSED  [ 31%]
bonus_calc_test.py::test_bonus_calculation_random[370000-string-12] PASSED [ 31%]
bonus_calc_test.py::test_bonus_calculation_random[320000-2.5-12] PASSED  [ 31%]
bonus_calc_test.py::test_bonus_calculation_random[270000-2.5-13] PASSED  [ 32%]
bonus_calc_test.py::test_bonus_calculation_random[220000-None-13] PASSED [ 32%]
bonus_calc_test.py::test_bonus_calculation_random[170000-string-13] PASSED [ 32%]
bonus_calc_test.py::test_bonus_calculation_random[120000-1.5-13] PASSED  [ 33%]
bonus_calc_test.py::test_bonus_calculation_random[70000-1.0-13] PASSED   [ 33%]
bonus_calc_test.py::test_bonus_calculation_random[20000-2.0-13] PASSED   [ 33%]
bonus_calc_test.py::test_bonus_calculation_random[20000-4.5-14] PASSED   [ 34%]
bonus_calc_test.py::test_bonus_calculation_random[70000-4.0-14] PASSED   [ 34%]
bonus_calc_test.py::test_bonus_calculation_random[120000-3.5-14] PASSED  [ 34%]
bonus_calc_test.py::test_bonus_calculation_random[170000-3.0-14] PASSED  [ 35%]
bonus_calc_test.py::test_bonus_calculation_random[220000-4.5-15] PASSED  [ 35%]
bonus_calc_test.py::test_bonus_calculation_random[270000-2.0-14] PASSED  [ 35%]
bonus_calc_test.py::test_bonus_calculation_random[320000-3.0-13] PASSED  [ 36%]
bonus_calc_test.py::test_bonus_calculation_random[370000-1.0-14] PASSED  [ 36%]
bonus_calc_test.py::test_bonus_calculation_random[420000-1.5-14] PASSED  [ 36%]
bonus_calc_test.py::test_bonus_calculation_random[470000-3.5-13] PASSED  [ 37%]
bonus_calc_test.py::test_bonus_calculation_random[520000-4.0-10] PASSED  [ 37%]
bonus_calc_test.py::test_bonus_calculation_random[570000-2.5-14] PASSED  [ 37%]
bonus_calc_test.py::test_bonus_calculation_random[620000-2.5-15] PASSED  [ 37%]
bonus_calc_test.py::test_bonus_calculation_random[670000-string-14] PASSED [ 38%]
bonus_calc_test.py::test_bonus_calculation_random[720000-None-14] PASSED [ 38%]
bonus_calc_test.py::test_bonus_calculation_random[770000-None-15] PASSED [ 38%]
bonus_calc_test.py::test_bonus_calculation_random[820000-string-15] PASSED [ 39%]
bonus_calc_test.py::test_bonus_calculation_random[string-4.5-13] PASSED  [ 39%]
bonus_calc_test.py::test_bonus_calculation_random[None-3.0-15] PASSED    [ 39%]
bonus_calc_test.py::test_bonus_calculation_random[None-2.0-16] PASSED    [ 40%]
bonus_calc_test.py::test_bonus_calculation_random[string-1.5-15] PASSED  [ 40%]
bonus_calc_test.py::test_bonus_calculation_random[820000-4.0-16] PASSED  [ 40%]
bonus_calc_test.py::test_bonus_calculation_random[770000-1.0-16] PASSED  [ 41%]
bonus_calc_test.py::test_bonus_calculation_random[720000-2.0-15] PASSED  [ 41%]
bonus_calc_test.py::test_bonus_calculation_random[670000-3.5-15] PASSED  [ 41%]
bonus_calc_test.py::test_bonus_calculation_random[620000-3.5-16] PASSED  [ 42%]
bonus_calc_test.py::test_bonus_calculation_random[570000-1.0-15] PASSED  [ 42%]
bonus_calc_test.py::test_bonus_calculation_random[520000-3.0-16] PASSED  [ 42%]
bonus_calc_test.py::test_bonus_calculation_random[470000-string-16] PASSED [ 43%]
bonus_calc_test.py::test_bonus_calculation_random[420000-4.0-15] PASSED  [ 43%]
bonus_calc_test.py::test_bonus_calculation_random[370000-1.5-16] PASSED  [ 43%]
bonus_calc_test.py::test_bonus_calculation_random[320000-4.5-16] PASSED  [ 43%]
bonus_calc_test.py::test_bonus_calculation_random[270000-None-16] PASSED [ 44%]
bonus_calc_test.py::test_bonus_calculation_random[220000-2.5-16] PASSED  [ 44%]
bonus_calc_test.py::test_bonus_calculation_random[170000-1.5-17] PASSED  [ 44%]
bonus_calc_test.py::test_bonus_calculation_random[120000-1.0-17] PASSED  [ 45%]
bonus_calc_test.py::test_bonus_calculation_random[70000-2.5-17] PASSED   [ 45%]
bonus_calc_test.py::test_bonus_calculation_random[20000-None-17] PASSED  [ 45%]
bonus_calc_test.py::test_bonus_calculation_random[20000-string-18] PASSED [ 46%]
bonus_calc_test.py::test_bonus_calculation_random[70000-2.0-18] PASSED   [ 46%]
bonus_calc_test.py::test_bonus_calculation_random[120000-4.0-18] PASSED  [ 46%]
bonus_calc_test.py::test_bonus_calculation_random[170000-4.5-18] PASSED  [ 47%]
bonus_calc_test.py::test_bonus_calculation_random[220000-3.5-18] PASSED  [ 47%]
bonus_calc_test.py::test_bonus_calculation_random[270000-3.0-18] PASSED  [ 47%]
bonus_calc_test.py::test_bonus_calculation_random[320000-1.0-18] PASSED  [ 48%]
bonus_calc_test.py::test_bonus_calculation_random[370000-3.5-17] PASSED  [ 48%]
bonus_calc_test.py::test_bonus_calculation_random[420000-3.0-17] PASSED  [ 48%]
bonus_calc_test.py::test_bonus_calculation_random[470000-4.0-17] PASSED  [ 49%]
bonus_calc_test.py::test_bonus_calculation_random[520000-4.5-17] PASSED  [ 49%]
bonus_calc_test.py::test_bonus_calculation_random[570000-4.5-string] PASSED [ 49%]
bonus_calc_test.py::test_bonus_calculation_random[620000-1.5-18] PASSED  [ 50%]
bonus_calc_test.py::test_bonus_calculation_random[670000-2.0-17] PASSED  [ 50%]
bonus_calc_test.py::test_bonus_calculation_random[720000-string-17] PASSED [ 50%]
bonus_calc_test.py::test_bonus_calculation_random[770000-2.5-18] PASSED  [ 50%]
bonus_calc_test.py::test_bonus_calculation_random[820000-2.0-string] PASSED [ 51%]
bonus_calc_test.py::test_bonus_calculation_random[string-None-18] PASSED [ 51%]
bonus_calc_test.py::test_bonus_calculation_random[None-None-string] PASSED [ 51%]
bonus_calc_test.py::test_bonus_calculation_random[None-2.5-None] PASSED  [ 52%]
bonus_calc_test.py::test_bonus_calculation_random[string-4.0-string] PASSED [ 52%]
bonus_calc_test.py::test_bonus_calculation_random[820000-1.5-None] PASSED [ 52%]
bonus_calc_test.py::test_bonus_calculation_random[770000-string-string] PASSED [ 53%]
bonus_calc_test.py::test_bonus_calculation_random[720000-4.5-None] PASSED [ 53%]
bonus_calc_test.py::test_bonus_calculation_random[670000-1.0-string] PASSED [ 53%]
bonus_calc_test.py::test_bonus_calculation_random[620000-3.0-string] PASSED [ 54%]
bonus_calc_test.py::test_bonus_calculation_random[570000-3.5-None] PASSED [ 54%]
bonus_calc_test.py::test_bonus_calculation_random[520000-3.5-string] PASSED [ 54%]
bonus_calc_test.py::test_bonus_calculation_random[470000-3.0-None] PASSED [ 55%]
bonus_calc_test.py::test_bonus_calculation_random[420000-None-None] PASSED [ 55%]
bonus_calc_test.py::test_bonus_calculation_random[370000-2.0-None] PASSED [ 55%]
bonus_calc_test.py::test_bonus_calculation_random[320000-1.5-string] PASSED [ 56%]
bonus_calc_test.py::test_bonus_calculation_random[270000-4.0-None] PASSED [ 56%]
bonus_calc_test.py::test_bonus_calculation_random[220000-string-None] PASSED [ 56%]
bonus_calc_test.py::test_bonus_calculation_random[170000-1.0-None] PASSED [ 56%]
bonus_calc_test.py::test_bonus_calculation_random[120000-2.5-string] PASSED [ 57%]
bonus_calc_test.py::test_bonus_calculation_random[70000-None-string] PASSED [ 57%]
bonus_calc_test.py::test_bonus_calculation_random[20000-2.5-string] PASSED [ 57%]
bonus_calc_test.py::test_bonus_calculation_random[20000-1.5-None] PASSED [ 58%]
bonus_calc_test.py::test_bonus_calculation_random[70000-string-None] PASSED [ 58%]
bonus_calc_test.py::test_bonus_calculation_random[120000-None-None] PASSED [ 58%]
bonus_calc_test.py::test_bonus_calculation_random[170000-2.0-string] PASSED [ 59%]
bonus_calc_test.py::test_bonus_calculation_random[220000-2.0-string] PASSED [ 59%]
bonus_calc_test.py::test_bonus_calculation_random[270000-string-string] PASSED [ 59%]
bonus_calc_test.py::test_bonus_calculation_random[320000-None-None] PASSED [ 60%]
bonus_calc_test.py::test_bonus_calculation_random[370000-4.0-string] PASSED [ 60%]
bonus_calc_test.py::test_bonus_calculation_random[420000-3.5-string] PASSED [ 60%]
bonus_calc_test.py::test_bonus_calculation_random[470000-2.5-string] PASSED [ 61%]
bonus_calc_test.py::test_bonus_calculation_random[520000-string-None] PASSED [ 61%]
bonus_calc_test.py::test_bonus_calculation_random[570000-4.0-18] PASSED  [ 61%]
bonus_calc_test.py::test_bonus_calculation_random[620000-4.0-None] PASSED [ 62%]
bonus_calc_test.py::test_bonus_calculation_random[670000-None-None] PASSED [ 62%]
bonus_calc_test.py::test_bonus_calculation_random[720000-2.5-string] PASSED [ 62%]
bonus_calc_test.py::test_bonus_calculation_random[770000-2.0-None] PASSED [ 62%]
bonus_calc_test.py::test_bonus_calculation_random[820000-4.5-18] PASSED  [ 63%]
bonus_calc_test.py::test_bonus_calculation_random[string-2.5-None] PASSED [ 63%]
bonus_calc_test.py::test_bonus_calculation_random[None-string-18] PASSED [ 63%]
bonus_calc_test.py::test_bonus_calculation_random[None-3.5-6] PASSED     [ 64%]
bonus_calc_test.py::test_bonus_calculation_random[string-3.0-6] PASSED   [ 64%]
bonus_calc_test.py::test_bonus_calculation_random[820000-1.0-6] PASSED   [ 64%]
bonus_calc_test.py::test_bonus_calculation_random[770000-4.5-6] PASSED   [ 65%]
bonus_calc_test.py::test_bonus_calculation_random[720000-1.5-6] PASSED   [ 65%]
bonus_calc_test.py::test_bonus_calculation_random[670000-1.5-6] PASSED   [ 65%]
bonus_calc_test.py::test_bonus_calculation_random[620000-1.0-6] PASSED   [ 66%]
bonus_calc_test.py::test_bonus_calculation_random[570000-3.0-6] PASSED   [ 66%]
bonus_calc_test.py::test_bonus_calculation_random[520000-2.0-6] PASSED   [ 66%]
bonus_calc_test.py::test_bonus_calculation_random[470000-1.0-18] PASSED  [ 67%]
bonus_calc_test.py::test_bonus_calculation_random[420000-4.5-18] PASSED  [ 67%]
bonus_calc_test.py::test_bonus_calculation_random[370000-3.0-18] PASSED  [ 67%]
bonus_calc_test.py::test_bonus_calculation_random[320000-3.5-10] PASSED  [ 68%]
bonus_calc_test.py::test_bonus_calculation_random[270000-1.0-10] PASSED  [ 68%]
bonus_calc_test.py::test_bonus_calculation_random[220000-1.5-10] PASSED  [ 68%]
bonus_calc_test.py::test_bonus_calculation_random[170000-4.0-10] PASSED  [ 68%]
bonus_calc_test.py::test_bonus_calculation_random[120000-4.5-10] PASSED  [ 69%]
bonus_calc_test.py::test_bonus_calculation_random[70000-3.5-9] PASSED    [ 69%]
bonus_calc_test.py::test_bonus_calculation_random[20000-3.0-9] PASSED    [ 69%]
bonus_calc_test.py::test_bonus_calculation_random[20000-3.0-12] PASSED   [ 70%]
bonus_calc_test.py::test_bonus_calculation_random[70000-3.0-12] PASSED   [ 70%]
bonus_calc_test.py::test_bonus_calculation_random[120000-3.0-12] PASSED  [ 70%]
bonus_calc_test.py::test_bonus_calculation_random[170000-3.0-12] PASSED  [ 71%]
bonus_calc_test.py::test_bonus_calculation_random[220000-3.0-12] PASSED  [ 71%]
bonus_calc_test.py::test_bonus_calculation_random[270000-3.0-12] PASSED  [ 71%]
bonus_calc_test.py::test_bonus_calculation_random[320000-3.0-9] PASSED   [ 72%]
bonus_calc_test.py::test_bonus_calculation_random[370000-3.0-10] PASSED  [ 72%]
bonus_calc_test.py::test_bonus_calculation_random[420000-3.0-10] PASSED  [ 72%]
bonus_calc_test.py::test_bonus_calculation_random[470000-3.0-10] PASSED  [ 73%]
bonus_calc_test.py::test_bonus_calculation_random[520000-3.0-18] PASSED  [ 73%]
bonus_calc_test.py::test_bonus_calculation_random[570000-3.0-10] PASSED  [ 73%]
bonus_calc_test.py::test_bonus_calculation_random[620000-3.0-8] PASSED   [ 74%]
bonus_calc_test.py::test_bonus_calculation_random[670000-3.0-18] PASSED  [ 74%]
bonus_calc_test.py::test_bonus_calculation_random[720000-3.0-18] PASSED  [ 74%]
bonus_calc_test.py::test_bonus_calculation_random[770000-3.0-12] PASSED  [ 75%]
bonus_calc_test.py::test_bonus_calculation_random[820000-3.0-8] PASSED   [ 75%]
bonus_calc_test.py::test_bonus_calculation_random[string-3.0-12] PASSED  [ 75%]
bonus_calc_test.py::test_bonus_calculation_random[None-3.0-9] PASSED     [ 75%]
bonus_calc_test.py::test_bonus_calculation_random[None-3.0-11] PASSED    [ 76%]
bonus_calc_test.py::test_bonus_calculation_random[string-3.0-11] PASSED  [ 76%]
bonus_calc_test.py::test_bonus_calculation_random[820000-3.0-11] PASSED  [ 76%]
bonus_calc_test.py::test_bonus_calculation_random[770000-3.0-11] PASSED  [ 77%]
bonus_calc_test.py::test_bonus_calculation_random[720000-3.0-12] PASSED  [ 77%]
bonus_calc_test.py::test_bonus_calculation_random[670000-3.0-11] PASSED  [ 77%]
bonus_calc_test.py::test_bonus_calculation_random[620000-3.0-11] PASSED  [ 78%]
bonus_calc_test.py::test_bonus_calculation_random[570000-3.0-8] PASSED   [ 78%]
bonus_calc_test.py::test_bonus_calculation_random[520000-3.0-8] PASSED   [ 78%]
bonus_calc_test.py::test_bonus_calculation_random[470000-3.0-8] PASSED   [ 79%]
bonus_calc_test.py::test_bonus_calculation_random[420000-3.0-8] PASSED   [ 79%]
bonus_calc_test.py::test_bonus_calculation_random[370000-3.0-9] PASSED   [ 79%]
bonus_calc_test.py::test_bonus_calculation_random[320000-3.0-7] PASSED   [ 80%]
bonus_calc_test.py::test_bonus_calculation_random[270000-3.0-9] PASSED   [ 80%]
bonus_calc_test.py::test_bonus_calculation_random[220000-3.0-9] PASSED   [ 80%]
bonus_calc_test.py::test_bonus_calculation_random[170000-3.0-9] PASSED   [ 81%]
bonus_calc_test.py::test_bonus_calculation_random[120000-3.0-9] PASSED   [ 81%]
bonus_calc_test.py::test_bonus_calculation_random[70000-3.0-11] PASSED   [ 81%]
bonus_calc_test.py::test_bonus_calculation_random[20000-3.0-11] PASSED   [ 81%]
bonus_calc_test.py::test_bonus_calculation_random[20000-3.0-7] PASSED    [ 82%]
bonus_calc_test.py::test_bonus_calculation_random[70000-3.0-7] PASSED    [ 82%]
bonus_calc_test.py::test_bonus_calculation_random[120000-3.0-7] PASSED   [ 82%]
bonus_calc_test.py::test_bonus_calculation_random[170000-3.0-7] PASSED   [ 83%]
bonus_calc_test.py::test_bonus_calculation_random[220000-3.0-8] PASSED   [ 83%]
bonus_calc_test.py::test_bonus_calculation_random[270000-3.0-7] PASSED   [ 83%]
bonus_calc_test.py::test_bonus_calculation_random[320000-3.0-17] PASSED  [ 84%]
bonus_calc_test.py::test_bonus_calculation_random[370000-3.0-7] PASSED   [ 84%]
bonus_calc_test.py::test_bonus_calculation_random[420000-3.0-7] PASSED   [ 84%]
bonus_calc_test.py::test_bonus_calculation_random[470000-3.0-7] PASSED   [ 85%]
bonus_calc_test.py::test_bonus_calculation_random[520000-3.0-15] PASSED  [ 85%]
bonus_calc_test.py::test_bonus_calculation_random[570000-3.0-17] PASSED  [ 85%]
bonus_calc_test.py::test_bonus_calculation_random[620000-3.0-17] PASSED  [ 86%]
bonus_calc_test.py::test_bonus_calculation_random[670000-3.0-8] PASSED   [ 86%]
bonus_calc_test.py::test_bonus_calculation_random[720000-3.0-11] PASSED  [ 86%]
bonus_calc_test.py::test_bonus_calculation_random[770000-3.0-8] PASSED   [ 87%]
bonus_calc_test.py::test_bonus_calculation_random[820000-3.0-17] PASSED  [ 87%]
bonus_calc_test.py::test_bonus_calculation_random[string-3.0-17] PASSED  [ 87%]
bonus_calc_test.py::test_bonus_calculation_random[None-3.0-17] PASSED    [ 87%]
bonus_calc_test.py::test_bonus_calculation_random[None-3.0-14] PASSED    [ 88%]
bonus_calc_test.py::test_bonus_calculation_random[string-3.0-14] PASSED  [ 88%]
bonus_calc_test.py::test_bonus_calculation_random[820000-3.0-14] PASSED  [ 88%]
bonus_calc_test.py::test_bonus_calculation_random[770000-3.0-17] PASSED  [ 89%]
bonus_calc_test.py::test_bonus_calculation_random[720000-3.0-13] PASSED  [ 89%]
bonus_calc_test.py::test_bonus_calculation_random[670000-3.0-13] PASSED  [ 89%]
bonus_calc_test.py::test_bonus_calculation_random[620000-3.0-14] PASSED  [ 90%]
bonus_calc_test.py::test_bonus_calculation_random[570000-3.0-13] PASSED  [ 90%]
bonus_calc_test.py::test_bonus_calculation_random[520000-3.0-14] PASSED  [ 90%]
bonus_calc_test.py::test_bonus_calculation_random[470000-3.0-14] PASSED  [ 91%]
bonus_calc_test.py::test_bonus_calculation_random[420000-3.0-13] PASSED  [ 91%]
bonus_calc_test.py::test_bonus_calculation_random[370000-3.0-13] PASSED  [ 91%]
bonus_calc_test.py::test_bonus_calculation_random[320000-3.0-14] PASSED  [ 92%]
bonus_calc_test.py::test_bonus_calculation_random[270000-3.0-17] PASSED  [ 92%]
bonus_calc_test.py::test_bonus_calculation_random[220000-3.0-17] PASSED  [ 92%]
bonus_calc_test.py::test_bonus_calculation_random[170000-3.0-15] PASSED  [ 93%]
bonus_calc_test.py::test_bonus_calculation_random[120000-3.0-15] PASSED  [ 93%]
bonus_calc_test.py::test_bonus_calculation_random[70000-3.0-15] PASSED   [ 93%]
bonus_calc_test.py::test_bonus_calculation_random[20000-3.0-15] PASSED   [ 93%]
bonus_calc_test.py::test_bonus_calculation_random[20000-3.0-16] PASSED   [ 94%]
bonus_calc_test.py::test_bonus_calculation_random[70000-3.0-16] PASSED   [ 94%]
bonus_calc_test.py::test_bonus_calculation_random[120000-3.0-16] PASSED  [ 94%]
bonus_calc_test.py::test_bonus_calculation_random[170000-3.0-16] PASSED  [ 95%]
bonus_calc_test.py::test_bonus_calculation_random[220000-3.0-14] PASSED  [ 95%]
bonus_calc_test.py::test_bonus_calculation_random[270000-3.0-15] PASSED  [ 95%]
bonus_calc_test.py::test_bonus_calculation_random[320000-3.0-15] PASSED  [ 96%]
bonus_calc_test.py::test_bonus_calculation_random[370000-3.0-15] PASSED  [ 96%]
bonus_calc_test.py::test_bonus_calculation_random[420000-3.0-16] PASSED  [ 96%]
bonus_calc_test.py::test_bonus_calculation_random[470000-3.0-15] PASSED  [ 97%]
bonus_calc_test.py::test_bonus_calculation_random[520000-3.0-13] PASSED  [ 97%]
bonus_calc_test.py::test_bonus_calculation_random[570000-3.0-16] PASSED  [ 97%]
bonus_calc_test.py::test_bonus_calculation_random[620000-3.0-13] PASSED  [ 98%]
bonus_calc_test.py::test_bonus_calculation_random[670000-3.0-16] PASSED  [ 98%]
bonus_calc_test.py::test_bonus_calculation_random[720000-3.0-16] PASSED  [ 98%]
bonus_calc_test.py::test_bonus_calculation_random[770000-3.0-14] PASSED  [ 99%]
bonus_calc_test.py::test_bonus_calculation_random[820000-3.0-13] PASSED  [ 99%]
bonus_calc_test.py::test_bonus_calculation_random[string-3.0-16] PASSED  [ 99%]
bonus_calc_test.py::test_bonus_calculation_random[None-3.0-13] PASSED    [100%]

============================= 316 passed in 0.65s =============================

Process finished with exit code 0
